<?xml version="1.0" encoding="UTF-8"?>
<!-- Generated by org.testng.reporters.JUnitReportReporter -->
<testsuite skipped="0" hostname="deepaks-mbp.lan" name="Testcases.SignIn" tests="2" failures="0" timestamp="05 Oct 2020 14:27:54 GMT" time="12.195" errors="0">
  <testcase name="signIn2" time="7.730" classname="Testcases.SignIn"/>
  <testcase name="signIn1" time="4.465" classname="Testcases.SignIn"/>
</testsuite> <!-- Testcases.SignIn -->
