<?xml version="1.0" encoding="UTF-8"?>
<!-- Generated by org.testng.reporters.JUnitReportReporter -->
<testsuite skipped="0" hostname="deepaks-mbp.lan" name="Testcases.Login" tests="2" failures="0" timestamp="05 Oct 2020 14:27:54 GMT" time="15.312" errors="0">
  <testcase name="login2" time="9.124" classname="Testcases.Login"/>
  <testcase name="login1" time="6.188" classname="Testcases.Login"/>
</testsuite> <!-- Testcases.Login -->
